Determining if the pthread_create exist failed with the following output:
Change Dir: /home/ariel/repos-git/OSM/src/build/CMakeFiles/CMakeTmp

Run Build Command:"/usr/bin/make" "cmTC_7f8c3/fast"
/usr/bin/make -f CMakeFiles/cmTC_7f8c3.dir/build.make CMakeFiles/cmTC_7f8c3.dir/build
make[1]: se entra en el directorio '/home/ariel/repos-git/OSM/src/build/CMakeFiles/CMakeTmp'
Building C object CMakeFiles/cmTC_7f8c3.dir/CheckSymbolExists.c.o
/usr/bin/cc    -fPIC    -o CMakeFiles/cmTC_7f8c3.dir/CheckSymbolExists.c.o   -c /home/ariel/repos-git/OSM/src/build/CMakeFiles/CMakeTmp/CheckSymbolExists.c
Linking C executable cmTC_7f8c3
/usr/bin/cmake -E cmake_link_script CMakeFiles/cmTC_7f8c3.dir/link.txt --verbose=1
/usr/bin/cc  -fPIC     CMakeFiles/cmTC_7f8c3.dir/CheckSymbolExists.c.o  -o cmTC_7f8c3 -rdynamic 
CMakeFiles/cmTC_7f8c3.dir/CheckSymbolExists.c.o: En la función `main':
CheckSymbolExists.c:(.text+0x1b): referencia a `pthread_create' sin definir
collect2: error: ld returned 1 exit status
CMakeFiles/cmTC_7f8c3.dir/build.make:97: fallo en las instrucciones para el objetivo 'cmTC_7f8c3'
make[1]: *** [cmTC_7f8c3] Error 1
make[1]: se sale del directorio '/home/ariel/repos-git/OSM/src/build/CMakeFiles/CMakeTmp'
Makefile:126: fallo en las instrucciones para el objetivo 'cmTC_7f8c3/fast'
make: *** [cmTC_7f8c3/fast] Error 2

File /home/ariel/repos-git/OSM/src/build/CMakeFiles/CMakeTmp/CheckSymbolExists.c:
/* */
#include <pthread.h>

int main(int argc, char** argv)
{
  (void)argv;
#ifndef pthread_create
  return ((int*)(&pthread_create))[argc];
#else
  (void)argc;
  return 0;
#endif
}

Determining if the function pthread_create exists in the pthreads failed with the following output:
Change Dir: /home/ariel/repos-git/OSM/src/build/CMakeFiles/CMakeTmp

Run Build Command:"/usr/bin/make" "cmTC_52a89/fast"
/usr/bin/make -f CMakeFiles/cmTC_52a89.dir/build.make CMakeFiles/cmTC_52a89.dir/build
make[1]: se entra en el directorio '/home/ariel/repos-git/OSM/src/build/CMakeFiles/CMakeTmp'
Building C object CMakeFiles/cmTC_52a89.dir/CheckFunctionExists.c.o
/usr/bin/cc    -fPIC -DCHECK_FUNCTION_EXISTS=pthread_create   -o CMakeFiles/cmTC_52a89.dir/CheckFunctionExists.c.o   -c /usr/share/cmake-3.5/Modules/CheckFunctionExists.c
Linking C executable cmTC_52a89
/usr/bin/cmake -E cmake_link_script CMakeFiles/cmTC_52a89.dir/link.txt --verbose=1
/usr/bin/cc  -fPIC -DCHECK_FUNCTION_EXISTS=pthread_create    CMakeFiles/cmTC_52a89.dir/CheckFunctionExists.c.o  -o cmTC_52a89 -rdynamic -lpthreads 
/usr/bin/ld: no se puede encontrar -lpthreads
collect2: error: ld returned 1 exit status
CMakeFiles/cmTC_52a89.dir/build.make:97: fallo en las instrucciones para el objetivo 'cmTC_52a89'
make[1]: *** [cmTC_52a89] Error 1
make[1]: se sale del directorio '/home/ariel/repos-git/OSM/src/build/CMakeFiles/CMakeTmp'
Makefile:126: fallo en las instrucciones para el objetivo 'cmTC_52a89/fast'
make: *** [cmTC_52a89/fast] Error 2


